<?xml version="1.0" encoding="UTF-8"?>
<!-- Generated by org.testng.reporters.JUnitReportReporter -->
<testsuite skipped="0" hostname="US-C02Z415TLVDT" name="com.morningstar.trackingservice.integrationTests.tracingAPI.tracingAPIpostTest" tests="1" failures="0" timestamp="2020-11-17T12:28:56 COT" time="1.553" errors="0">
  <testcase name="TestGetResponse" time="1.553" classname="com.morningstar.trackingservice.integrationTests.tracingAPI.tracingAPIpostTest"/>
  <system-out/>
</testsuite> <!-- com.morningstar.trackingservice.integrationTests.tracingAPI.tracingAPIpostTest -->
