<?xml version="1.0" encoding="UTF-8"?>
<!-- Generated by org.testng.reporters.JUnitReportReporter -->
<testsuite skipped="0" hostname="US-C02Z415TLVDT." name="com.morningstar.trackingservice.integrationTests.tracingAPI.tracingAPIpostTest" tests="5" failures="0" timestamp="2020-12-21T16:08:51 COT" time="5.996" errors="0">
  <testcase name="test03DBChecking" time="1.607" classname="com.morningstar.trackingservice.integrationTests.tracingAPI.tracingAPIpostTest"/>
  <system-out/>
  <testcase name="test03DBChecking" time="1.223" classname="com.morningstar.trackingservice.integrationTests.tracingAPI.tracingAPIpostTest"/>
  <system-out/>
  <testcase name="TestPostExecutionAndResponse" time="1.019" classname="com.morningstar.trackingservice.integrationTests.tracingAPI.tracingAPIpostTest"/>
  <system-out/>
  <testcase name="TestPostExecutionAndResponse" time="0.310" classname="com.morningstar.trackingservice.integrationTests.tracingAPI.tracingAPIpostTest"/>
  <system-out/>
  <testcase name="TestGetResponse" time="1.837" classname="com.morningstar.trackingservice.integrationTests.tracingAPI.tracingAPIpostTest"/>
  <system-out/>
</testsuite> <!-- com.morningstar.trackingservice.integrationTests.tracingAPI.tracingAPIpostTest -->
