<?xml version="1.0" encoding="UTF-8"?>
<!-- Generated by org.testng.reporters.JUnitReportReporter -->
<testsuite skipped="0" hostname="US-C02Z415TLVDT" name="com.morningstar.trackingservice.integrationTests.tracingAPI.tracingAPIpostTest" tests="5" failures="1" timestamp="2020-12-04T08:20:20 COT" time="81.417" errors="0">
  <testcase name="test03DBChecking" time="1.656" classname="com.morningstar.trackingservice.integrationTests.tracingAPI.tracingAPIpostTest"/>
  <system-out/>
  <testcase name="test03DBChecking" time="1.298" classname="com.morningstar.trackingservice.integrationTests.tracingAPI.tracingAPIpostTest">
    <failure type="java.lang.AssertionError" message="expected [{}] but found [[{&quot;clientFundCode&quot;:&quot;NLT&quot;,&quot;secId&quot;:&quot;VAUSA0LZ9Z&quot;,&quot;ticker&quot;:&quot;&quot;,&quot;cusip&quot;:&quot;54400A787&quot;,&quot;products&quot;:{&quot;product&quot;:[{&quot;productId&quot;:&quot;UBS_HancockSig&quot;,&quot;isOpenNewSales&quot;:true}]},&quot;fundName&quot;:&quot;Lord Abbett Value Opportunities Fund&quot;,&quot;isOpen&quot;:true,&quot;isOpenNewSales&quot;:true},{&quot;clientFundCode&quot;:&quot;NLT&quot;,&quot;secId&quot;:&quot;VAUSA0MT6E&quot;,&quot;ticker&quot;:&quot;&quot;,&quot;cusip&quot;:&quot;885216853&quot;,&quot;products&quot;:{&quot;product&quot;:[{&quot;productId&quot;:&quot;UBS_HancockSig&quot;,&quot;isOpenNewSales&quot;:true}]},&quot;fundName&quot;:&quot;Thornburg Limited Term Income Fund&quot;,&quot;isOpen&quot;:true,&quot;isOpenNewSales&quot;:true}]]">
      <![CDATA[java.lang.AssertionError: expected [{}] but found [[{"clientFundCode":"NLT","secId":"VAUSA0LZ9Z","ticker":"","cusip":"54400A787","products":{"product":[{"productId":"UBS_HancockSig","isOpenNewSales":true}]},"fundName":"Lord Abbett Value Opportunities Fund","isOpen":true,"isOpenNewSales":true},{"clientFundCode":"NLT","secId":"VAUSA0MT6E","ticker":"","cusip":"885216853","products":{"product":[{"productId":"UBS_HancockSig","isOpenNewSales":true}]},"fundName":"Thornburg Limited Term Income Fund","isOpen":true,"isOpenNewSales":true}]]
at org.testng.Assert.fail(Assert.java:99)
at org.testng.Assert.failNotEquals(Assert.java:1037)
at org.testng.Assert.assertEqualsImpl(Assert.java:140)
at org.testng.Assert.assertEquals(Assert.java:122)
at org.testng.Assert.assertEquals(Assert.java:629)
at org.testng.Assert.assertEquals(Assert.java:639)
at com.morningstar.trackingservice.integrationTests.tracingAPI.tracingAPIpostTest.test03DBChecking(tracingAPIpostTest.java:102)
at sun.reflect.NativeMethodAccessorImpl.invoke0(Native Method)
at sun.reflect.NativeMethodAccessorImpl.invoke(NativeMethodAccessorImpl.java:62)
at sun.reflect.DelegatingMethodAccessorImpl.invoke(DelegatingMethodAccessorImpl.java:43)
at java.lang.reflect.Method.invoke(Method.java:498)
at org.testng.internal.MethodInvocationHelper.invokeMethod(MethodInvocationHelper.java:132)
at org.testng.internal.TestInvoker.invokeMethod(TestInvoker.java:599)
at org.testng.internal.TestInvoker.invokeTestMethod(TestInvoker.java:174)
at org.testng.internal.MethodRunner.runInSequence(MethodRunner.java:46)
at org.testng.internal.TestInvoker$MethodInvocationAgent.invoke(TestInvoker.java:822)
at org.testng.internal.TestInvoker.invokeTestMethods(TestInvoker.java:147)
at org.testng.internal.TestMethodWorker.invokeTestMethods(TestMethodWorker.java:146)
at org.testng.internal.TestMethodWorker.run(TestMethodWorker.java:128)
at java.util.ArrayList.forEach(ArrayList.java:1257)
at org.testng.TestRunner.privateRun(TestRunner.java:764)
at org.testng.TestRunner.run(TestRunner.java:585)
at org.testng.SuiteRunner.runTest(SuiteRunner.java:384)
at org.testng.SuiteRunner.runSequentially(SuiteRunner.java:378)
at org.testng.SuiteRunner.privateRun(SuiteRunner.java:337)
at org.testng.SuiteRunner.run(SuiteRunner.java:286)
at org.testng.SuiteRunnerWorker.runSuite(SuiteRunnerWorker.java:53)
at org.testng.SuiteRunnerWorker.run(SuiteRunnerWorker.java:96)
at org.testng.TestNG.runSuitesSequentially(TestNG.java:1218)
at org.testng.TestNG.runSuitesLocally(TestNG.java:1140)
at org.testng.TestNG.runSuites(TestNG.java:1069)
at org.testng.TestNG.run(TestNG.java:1037)
at org.testng.remote.AbstractRemoteTestNG.run(AbstractRemoteTestNG.java:115)
at org.testng.remote.RemoteTestNG.initAndRun(RemoteTestNG.java:251)
at org.testng.remote.RemoteTestNG.main(RemoteTestNG.java:77)
]]>
    </failure>
  </testcase> <!-- test03DBChecking -->
  <system-out/>
  <testcase name="TestPostExecutionAndResponse" time="0.552" classname="com.morningstar.trackingservice.integrationTests.tracingAPI.tracingAPIpostTest"/>
  <system-out/>
  <testcase name="TestPostExecutionAndResponse" time="0.281" classname="com.morningstar.trackingservice.integrationTests.tracingAPI.tracingAPIpostTest"/>
  <system-out/>
  <testcase name="TestGetResponse" time="77.630" classname="com.morningstar.trackingservice.integrationTests.tracingAPI.tracingAPIpostTest"/>
  <system-out/>
</testsuite> <!-- com.morningstar.trackingservice.integrationTests.tracingAPI.tracingAPIpostTest -->
