<?xml version="1.0" encoding="UTF-8"?>
<!-- Generated by org.testng.reporters.JUnitReportReporter -->
<testsuite skipped="0" hostname="US-C02Z415TLVDT" name="tracingAPI.test01" tests="1" failures="0" timestamp="2020-11-05T11:06:54 COT" time="1.592" errors="0">
  <testcase name="test01GET" time="1.592" classname="tracingAPI.test01"/>
  <system-out/>
</testsuite> <!-- tracingAPI.test01 -->
