<?xml version="1.0" encoding="UTF-8"?>
<!-- Generated by org.testng.reporters.JUnitReportReporter -->
<testsuite name="com.morningstar.trackingservice.integrationTests.tracingAPI.tracingAPIpostTest" tests="5" time="7.082" ignored="1" failures="0" timestamp="30 Dec 2020 15:53:03 GMT" skipped="0" hostname="US-C02Z415TLVDT." errors="0">
  <testcase name="test03DBChecking" time="2.740" classname="com.morningstar.trackingservice.integrationTests.tracingAPI.tracingAPIpostTest"/>
  <testcase name="test03DBChecking" time="2.436" classname="com.morningstar.trackingservice.integrationTests.tracingAPI.tracingAPIpostTest"/>
  <testcase name="TestGetResponse" time="1.216" classname="com.morningstar.trackingservice.integrationTests.tracingAPI.tracingAPIpostTest"/>
  <testcase name="TestPostExecutionAndResponse" time="0.277" classname="com.morningstar.trackingservice.integrationTests.tracingAPI.tracingAPIpostTest"/>
  <testcase name="TestPostExecutionAndResponse" time="0.413" classname="com.morningstar.trackingservice.integrationTests.tracingAPI.tracingAPIpostTest"/>
  <testcase name="TestGetResponseRegression" classname="com.morningstar.trackingservice.integrationTests.tracingAPI.tracingAPIpostTest">
    <skipped/>
  </testcase> <!-- TestGetResponseRegression -->
</testsuite> <!-- com.morningstar.trackingservice.integrationTests.tracingAPI.tracingAPIpostTest -->
